[TRACE  22:18:31] "Triggered __index from statusbar"
[TRACE  22:18:31] "Triggered __index from statusbar"
[TRACE  22:18:31] "Triggered __index from statusbar"
[TRACE  22:18:31] "Triggered __index from statusbar"
[TRACE  22:18:31] "Triggered __index from statusbar"
[TRACE  22:18:31] "Triggered __index from statusbar"
[TRACE  22:18:31] "Triggered __index from statusbar"
[TRACE  22:18:31] "Triggered __index from statusbar"
[TRACE  22:18:32] "Triggered __index from statusbar"
[TRACE  22:18:32] "Triggered __newindex from textsection"
[TRACE  22:18:32] "Triggered __index from textsection"
[TRACE  22:18:32] "Triggered __newindex from textsection"
[TRACE  22:18:32] "Triggered __index from textsection"
[TRACE  22:18:32] "Triggered __index from statusbar"
[TRACE  22:18:32] "Triggered __index from statusbar"
[TRACE  22:18:32] "Triggered __index from statusbar"
[TRACE  22:18:32] "Triggered __index from statusbar"
[TRACE  22:18:32] "Triggered __index from statusbar"
[TRACE  22:18:32] "Triggered __index from statusbar"
[TRACE  22:18:32] "Triggered __index from statusbar"
[TRACE  22:18:32] "Triggered __index from statusbar"
[TRACE  22:18:32] "Triggered __index from textsection"
[TRACE  22:18:32] "Triggered __index from statusbar"
[TRACE  22:18:32] "Triggered __newindex from textsection"
[TRACE  22:18:32] "Triggered __index from textsection"
[TRACE  22:18:32] "Triggered __index from statusbar"
[TRACE  22:18:32] "Triggered __newindex from textsection"
[TRACE  22:18:32] "Triggered __index from textsection"
[TRACE  22:18:32] "Triggered __index from statusbar"
[TRACE  22:18:32] "Triggered __newindex from textsection"
[TRACE  22:18:32] "Triggered __index from textsection"
[TRACE  22:18:32] "Triggered __index from statusbar"
[TRACE  22:18:32] "Triggered __newindex from textsection"
[TRACE  22:18:32] "Triggered __index from textsection"
[TRACE  22:18:32] "Triggered __index from textsection"
[TRACE  22:18:32] "Triggered __index from textsection"
[TRACE  22:18:32] "Triggered __index from textsection"
[TRACE  22:18:32] "Triggered __index from textsection"
[TRACE  22:18:32] "Triggered __index from textsection"
[TRACE  22:18:32] "Triggered __index from textsection"
[TRACE  22:18:33] "Triggered __index from textsection"
[TRACE  22:18:33] "Triggered __index from textsection"
[TRACE  22:18:33] "Triggered __index from textsection"
[TRACE  22:18:33] "Triggered __index from textsection"
[TRACE  22:18:33] "Triggered __index from textsection"
[TRACE  22:18:33] "Triggered __index from textsection"
[TRACE  22:18:33] "Triggered __index from textsection"
[TRACE  22:18:33] "Triggered __index from textsection"
[TRACE  22:18:33] "Triggered __index from textsection"
[TRACE  22:18:33] "Triggered __index from textsection"
[TRACE  22:18:33] "Triggered __index from textsection"
[TRACE  22:18:33] "Triggered __index from textsection"
[TRACE  22:18:33] "Triggered __index from textsection"
[TRACE  22:18:33] "Triggered __index from textsection"
[TRACE  22:18:33] "Triggered __index from textsection"
[TRACE  22:18:33] "Triggered __index from dictionary"
[TRACE  22:18:33] "Triggered _index from dictionary"
[TRACE  22:18:33] "Triggered __index from dictionary"
[TRACE  22:18:33] "Triggered _index from dictionary"
[TRACE  22:18:33] "Triggered __index from dictionary"
[TRACE  22:18:33] "Triggered _index from dictionary"
[TRACE  22:18:33] "Triggered __index from dictionary"
[TRACE  22:18:33] "Triggered _index from dictionary"
[TRACE  22:18:33] "Triggered __index from gameutility"
[TRACE  22:18:33] "Triggered __newindex from pattern"
[TRACE  22:18:33] "Triggered __index from pattern"
[TRACE  22:18:33] "Triggered __index from task"
[TRACE  22:18:33] "Triggered __index from pattern"
[TRACE  22:18:33] "Triggered __newindex from task"
[TRACE  22:18:33] "Triggered __index from task"
[TRACE  22:18:33] "Triggered __newindex from task"
[TRACE  22:18:34] "Triggered __index from task"
[TRACE  22:18:34] "Triggered __index from pattern"
[TRACE  22:18:34] "Triggered _index from pattern"
[TRACE  22:18:34] "Triggered __index from pattern"
[TRACE  22:18:34] "Triggered _index from pattern"
[TRACE  22:18:34] "Triggered __newindex from task"
[TRACE  22:18:34] "Triggered __index from task"
[TRACE  22:18:34] "Triggered __index from task"
[TRACE  22:18:34] "Triggered __newindex from task"
[TRACE  22:18:34] "Triggered __index from task"
[TRACE  22:18:34] "Triggered __index from task"
[TRACE  22:18:34] "Triggered __index from dictionary"
[TRACE  22:18:34] "Triggered _index from dictionary"
[TRACE  22:18:34] "Triggered __index from dictionary"
[TRACE  22:18:34] "Triggered _index from dictionary"
[TRACE  22:18:34] "Triggered __index from dictionary"
[TRACE  22:18:34] "Triggered _index from dictionary"
[TRACE  22:18:34] "Triggered __index from dictionary"
[TRACE  22:18:34] "Triggered _index from dictionary"
[TRACE  22:18:34] "Triggered __newindex from gamemode"
[TRACE  22:18:34] "Triggered __index from gamemode"
[TRACE  22:18:34] "Triggered __index from gamemode"
[TRACE  22:18:34] "Triggered __index from pattern"
[TRACE  22:18:34] "Triggered __index from pattern"
[TRACE  22:18:34] "Triggered __index from gamemode"
[TRACE  22:18:34] "Triggered __index from dictionary"
[TRACE  22:18:34] "Triggered __index from dictionary"
[TRACE  22:18:34] "Triggered __newindex from dictionary"
[TRACE  22:18:34] "Triggered __index from dictionary"
[TRACE  22:18:34] "Triggered __index from dictionary"
[TRACE  22:18:34] "Triggered __index from dictionary"
[TRACE  22:18:34] "Triggered __newindex from pattern"
[TRACE  22:18:34] "Triggered __index from pattern"
[TRACE  22:18:34] "Triggered __index from gamemode"
[TRACE  22:18:34] "Triggered __index from dictionary"
[TRACE  22:18:34] "Triggered __index from dictionary"
[TRACE  22:18:34] "Triggered __newindex from dictionary"
[TRACE  22:18:34] "Triggered __index from dictionary"
[TRACE  22:18:35] "Triggered __index from dictionary"
[TRACE  22:18:35] "Triggered __index from dictionary"
[TRACE  22:18:35] "Triggered __index from gamemode"
[TRACE  22:18:35] "Triggered _index from gamemode"
[TRACE  22:18:35] "Triggered __index from gamemode"
[TRACE  22:18:35] "Triggered _index from gamemode"
[TRACE  22:18:35] "Triggered __index from gamemode"
[TRACE  22:18:35] "Triggered _index from gamemode"
[TRACE  22:18:35] "Triggered __index from dictionary"
[TRACE  22:18:35] "Triggered _index from dictionary"
[TRACE  22:18:35] "Triggered __index from dictionary"
[TRACE  22:18:35] "Triggered _index from dictionary"
[TRACE  22:18:35] "Triggered __index from dictionary"
[TRACE  22:18:35] "Triggered _index from dictionary"
[TRACE  22:18:35] "Triggered __index from dictionary"
[TRACE  22:18:35] "Triggered _index from dictionary"
[TRACE  22:18:35] "Triggered __index from dictionary"
[TRACE  22:18:35] "Triggered _index from dictionary"
[TRACE  22:18:35] "Triggered __index from dictionary"
[TRACE  22:18:35] "Triggered _index from dictionary"
[TRACE  22:18:35] "Triggered __index from dictionary"
[TRACE  22:18:35] "Triggered _index from dictionary"
[TRACE  22:18:35] "Triggered __index from dictionary"
[TRACE  22:18:35] "Triggered _index from dictionary"
[TRACE  22:18:35] "Triggered __index from dictionary"
[TRACE  22:18:35] "Triggered _index from dictionary"
[TRACE  22:18:35] "Triggered __index from dictionary"
[TRACE  22:18:35] "Triggered _index from dictionary"
[TRACE  22:18:35] "Triggered __index from dictionary"
[TRACE  22:18:35] "Triggered _index from dictionary"
[TRACE  22:18:35] "Triggered __index from dictionary"
[TRACE  22:18:35] "Triggered _index from dictionary"
[TRACE  22:18:35] "Triggered __index from dictionary"
[TRACE  22:18:35] "Triggered _index from dictionary"
[TRACE  22:18:36] "Triggered __index from pattern"
[TRACE  22:18:36] "Triggered _index from pattern"
[TRACE  22:18:36] "Triggered __index from pattern"
[TRACE  22:18:36] "Triggered _index from pattern"
[TRACE  22:18:36] "Triggered __index from pattern"
[TRACE  22:18:36] "Triggered _index from pattern"
[TRACE  22:18:36] "Triggered __index from pattern"
[TRACE  22:18:36] "Triggered _index from pattern"
[TRACE  22:18:36] "Triggered __index from pattern"
[TRACE  22:18:36] "Triggered _index from pattern"
[TRACE  22:18:36] "Triggered __index from pattern"
[TRACE  22:18:36] "Triggered _index from pattern"
[TRACE  22:18:36] "Triggered __index from pattern"
[TRACE  22:18:36] "Triggered _index from pattern"
[TRACE  22:18:36] "Triggered __index from pattern"
[TRACE  22:18:36] "Triggered _index from pattern"
