[TRACE  22:30:28] "Triggered __index from statusbar"
[TRACE  22:30:28] "Triggered __index from statusbar"
[TRACE  22:30:28] "Triggered __index from statusbar"
[TRACE  22:30:28] "Triggered __index from statusbar"
[TRACE  22:30:29] "Triggered __index from statusbar"
[TRACE  22:30:29] "Triggered __index from statusbar"
[TRACE  22:30:29] "Triggered __index from statusbar"
[TRACE  22:30:29] "Triggered __index from statusbar"
[TRACE  22:30:29] "Triggered __index from statusbar"
[TRACE  22:30:29] "Triggered __newindex from textsection"
[TRACE  22:30:29] "Triggered __index from textsection"
[TRACE  22:30:29] "Triggered __newindex from textsection"
[TRACE  22:30:29] "Triggered __index from textsection"
[TRACE  22:30:29] "Triggered __index from statusbar"
[TRACE  22:30:29] "Triggered __index from statusbar"
[TRACE  22:30:29] "Triggered __index from statusbar"
[TRACE  22:30:29] "Triggered __index from statusbar"
[TRACE  22:30:29] "Triggered __index from statusbar"
[TRACE  22:30:29] "Triggered __index from statusbar"
[TRACE  22:30:29] "Triggered __index from statusbar"
[TRACE  22:30:29] "Triggered __index from statusbar"
[TRACE  22:30:29] "Triggered __index from textsection"
[TRACE  22:30:30] "Triggered __index from statusbar"
[TRACE  22:30:30] "Triggered __newindex from textsection"
[TRACE  22:30:30] "Triggered __index from textsection"
[TRACE  22:30:30] "Triggered __index from statusbar"
[TRACE  22:30:30] "Triggered __newindex from textsection"
[TRACE  22:30:30] "Triggered __index from textsection"
[TRACE  22:30:30] "Triggered __index from statusbar"
[TRACE  22:30:30] "Triggered __newindex from textsection"
[TRACE  22:30:30] "Triggered __index from textsection"
[TRACE  22:30:30] "Triggered __index from statusbar"
[TRACE  22:30:30] "Triggered __newindex from textsection"
[TRACE  22:30:30] "Triggered __index from textsection"
[TRACE  22:30:30] "Triggered __index from textsection"
[TRACE  22:30:30] "Triggered __index from textsection"
[TRACE  22:30:30] "Triggered __index from textsection"
[TRACE  22:30:30] "Triggered __index from textsection"
[TRACE  22:30:30] "Triggered __index from textsection"
[TRACE  22:30:30] "Triggered __index from textsection"
[TRACE  22:30:30] "Triggered __index from textsection"
[TRACE  22:30:30] "Triggered __index from textsection"
[TRACE  22:30:30] "Triggered __index from textsection"
[TRACE  22:30:30] "Triggered __index from textsection"
[TRACE  22:30:31] "Triggered __index from textsection"
[TRACE  22:30:31] "Triggered __index from textsection"
[TRACE  22:30:31] "Triggered __index from textsection"
[TRACE  22:30:31] "Triggered __index from textsection"
[TRACE  22:30:31] "Triggered __index from textsection"
[TRACE  22:30:31] "Triggered __index from textsection"
[TRACE  22:30:31] "Triggered __index from textsection"
[TRACE  22:30:31] "Triggered __index from textsection"
[TRACE  22:30:31] "Triggered __index from textsection"
[TRACE  22:30:31] "Triggered __index from textsection"
[TRACE  22:30:31] "Triggered __index from textsection"
[TRACE  22:30:31] "Triggered __index from dictionary"
[TRACE  22:30:31] "Triggered _index from dictionary"
[TRACE  22:30:32] "Triggered __index from dictionary"
[TRACE  22:30:32] "Triggered _index from dictionary"
[TRACE  22:30:32] "Triggered __index from dictionary"
[TRACE  22:30:32] "Triggered _index from dictionary"
[TRACE  22:30:32] "Triggered __index from dictionary"
[TRACE  22:30:32] "Triggered _index from dictionary"
[TRACE  22:30:32] "Triggered __index from dictionary"
[TRACE  22:30:32] "Triggered _index from dictionary"
[TRACE  22:30:32] "Triggered __index from dictionary"
[TRACE  22:30:32] "Triggered _index from dictionary"
[TRACE  22:30:32] "Triggered __index from gameutility"
[TRACE  22:30:33] "Triggered __index from dictionary"
[TRACE  22:30:33] "Triggered _index from dictionary"
[TRACE  22:30:33] "Triggered __index from dictionary"
[TRACE  22:30:33] "Triggered _index from dictionary"
[TRACE  22:30:33] "Triggered __index from dictionary"
[TRACE  22:30:33] "Triggered _index from dictionary"
[TRACE  22:30:33] "Triggered __index from dictionary"
[TRACE  22:30:33] "Triggered _index from dictionary"
[TRACE  22:30:33] "Triggered __index from textsection"
[TRACE  22:30:33] "Triggered __index from textsection"
[TRACE  22:30:33] "Triggered __index from textsection"
[TRACE  22:30:33] "Triggered __index from textsection"
[TRACE  22:30:33] "Triggered __index from textsection"
[TRACE  22:30:33] "Triggered __index from textsection"
[TRACE  22:30:33] "Triggered __index from textsection"
[TRACE  22:30:33] "Triggered __index from textsection"
[TRACE  22:30:33] "Triggered __index from textsection"
[TRACE  22:30:34] "Triggered __index from textsection"
[TRACE  22:30:34] "Triggered __index from textsection"
[TRACE  22:30:34] "Triggered __index from gamemode"
[TRACE  22:30:34] "Triggered _index from gamemode"
[TRACE  22:30:34] "Triggered __index from gamemode"
[TRACE  22:30:34] "Triggered _index from gamemode"
[TRACE  22:30:34] "Triggered __index from gamemode"
[TRACE  22:30:34] "Triggered _index from gamemode"
[TRACE  22:30:34] "Triggered __index from gamemode"
[TRACE  22:30:34] "Triggered _index from gamemode"
[TRACE  22:30:34] "Triggered __index from dictionary"
[TRACE  22:30:34] "Triggered _index from dictionary"
[TRACE  22:30:34] "Triggered __index from dictionary"
[TRACE  22:30:34] "Triggered _index from dictionary"
[TRACE  22:30:34] "Triggered __index from dictionary"
[TRACE  22:30:35] "Triggered _index from dictionary"
[TRACE  22:30:35] "Triggered __index from dictionary"
[TRACE  22:30:35] "Triggered _index from dictionary"
[TRACE  22:30:35] "Triggered __index from dictionary"
[TRACE  22:30:35] "Triggered _index from dictionary"
[TRACE  22:30:35] "Triggered __index from dictionary"
[TRACE  22:30:35] "Triggered _index from dictionary"
[TRACE  22:30:35] "Triggered __index from dictionary"
[TRACE  22:30:35] "Triggered _index from dictionary"
[TRACE  22:30:35] "Triggered __index from dictionary"
[TRACE  22:30:35] "Triggered _index from dictionary"
[TRACE  22:30:35] "Triggered __index from gamemode"
[TRACE  22:30:35] "Triggered __index from gamemode"
[TRACE  22:30:35] "Triggered __index from gamemode"
[TRACE  22:30:35] "Triggered __index from gamemode"
[TRACE  22:30:35] "Triggered __index from dictionary"
[TRACE  22:30:35] "Triggered __index from pattern"
[TRACE  22:30:35] "Triggered __index from pattern"
[TRACE  22:30:36] "Triggered __index from gamemode"
[TRACE  22:30:36] "Triggered __newindex from pattern"
[TRACE  22:30:36] "Triggered __index from pattern"
[TRACE  22:30:36] "Triggered __index from pattern"
[TRACE  22:30:36] "Triggered __index from pattern"
[TRACE  22:30:36] "Triggered __index from gamemode"
[TRACE  22:30:36] "Triggered __newindex from pattern"
[TRACE  22:30:36] "Triggered __index from pattern"
[TRACE  22:30:36] "Triggered __index from gamemode"
[TRACE  22:30:36] "Triggered __index from textsection"
[TRACE  22:30:36] "Triggered __index from textsection"
[TRACE  22:30:36] "Triggered __index from textsection"
[TRACE  22:30:36] "Triggered __index from textsection"
[TRACE  22:30:36] "Triggered __index from textsection"
[TRACE  22:30:36] "Triggered __index from textsection"
[TRACE  22:30:36] "Triggered __index from textsection"
[TRACE  22:30:37] "Triggered __index from textsection"
[TRACE  22:30:37] "Triggered __index from textsection"
[TRACE  22:30:37] "Triggered __index from textsection"
[TRACE  22:30:37] "Triggered __index from textsection"
[TRACE  22:30:39] "Triggered __index from textsection"
[TRACE  22:30:39] "Triggered __index from textsection"
[TRACE  22:30:39] "Triggered __index from textsection"
[TRACE  22:30:39] "Triggered __index from textsection"
[TRACE  22:30:39] "Triggered __index from textsection"
[TRACE  22:30:39] "Triggered __index from textsection"
[TRACE  22:30:39] "Triggered __index from textsection"
[TRACE  22:30:39] "Triggered __index from textsection"
[TRACE  22:30:39] "Triggered __index from textsection"
[TRACE  22:30:39] "Triggered __index from textsection"
[TRACE  22:30:39] "Triggered __index from textsection"
[TRACE  22:30:40] "Triggered __index from gamemode"
[TRACE  22:30:40] "Triggered __index from gamemode"
[TRACE  22:30:40] "Triggered __index from dictionary"
[TRACE  22:30:40] "Triggered __index from pattern"
[TRACE  22:30:40] "Triggered __index from pattern"
[TRACE  22:30:40] "Triggered __index from pattern"
[TRACE  22:30:40] "Triggered __index from pattern"
[TRACE  22:30:40] "Triggered __index from pattern"
[TRACE  22:30:40] "Triggered __index from dictionary"
[TRACE  22:30:40] "Triggered __index from region"
[TRACE  22:30:40] "Triggered __index from pattern"
[TRACE  22:30:40] "Triggered __index from region"
[TRACE  22:30:40] "Triggered __index from region"
[TRACE  22:30:40] "Triggered __index from region"
[TRACE  22:30:40] "Triggered __index from region"
[TRACE  22:30:40] "Triggered __newindex from region"
[TRACE  22:30:40] "Triggered __index from region"
[TRACE  22:30:41] "Triggered __index from region"
[TRACE  22:30:41] "Triggered __newindex from region"
[TRACE  22:30:41] "Triggered __index from region"
[TRACE  22:30:41] "Triggered __index from region"
[TRACE  22:30:41] "Triggered __newindex from region"
[TRACE  22:30:41] "Triggered __index from region"
[TRACE  22:30:41] "Triggered __index from region"
[TRACE  22:30:41] "Triggered __newindex from region"
[TRACE  22:30:41] "Triggered __index from region"
[TRACE  22:30:41] "Triggered __index from region"
[TRACE  22:30:41] "Triggered __index from region"
[TRACE  22:30:41] "Triggered __index from region"
[TRACE  22:30:41] "Triggered __index from region"
[TRACE  22:30:41] "Triggered __index from region"
[TRACE  22:30:41] "Triggered __index from region"
[TRACE  22:30:41] "Triggered __index from region"
[TRACE  22:30:41] "Triggered __index from region"
[TRACE  22:30:42] "Triggered __index from region"
[TRACE  22:30:42] "Triggered __index from region"
[TRACE  22:30:42] "Triggered __index from region"
[TRACE  22:30:42] "Triggered __index from region"
[TRACE  22:30:42] "Triggered __index from region"
[TRACE  22:30:42] "Triggered __index from region"
[TRACE  22:30:42] "Triggered __index from region"
[TRACE  22:30:42] "Triggered __index from region"
[TRACE  22:30:42] "Triggered __index from region"
[TRACE  22:30:42] "Triggered __index from region"
[TRACE  22:30:42] "Triggered __index from region"
[TRACE  22:30:42] "Triggered __index from region"
[TRACE  22:30:42] "Triggered __index from region"
[TRACE  22:30:42] "Triggered __index from region"
[TRACE  22:30:42] "Triggered __index from region"
[TRACE  22:30:42] "Triggered __index from region"
[TRACE  22:30:43] "Triggered __newindex from region"
[TRACE  22:30:43] "Triggered __index from region"
[TRACE  22:30:43] "Triggered __index from region"
[TRACE  22:30:43] "Triggered __index from region"
[TRACE  22:30:43] "Triggered __index from region"
[TRACE  22:30:43] "Triggered __index from region"
[TRACE  22:30:51] "Triggered __index from pattern"
[TRACE  22:30:51] "Triggered __index from region"
[TRACE  22:30:51] "Triggered __index from region"
[TRACE  22:30:52] "Triggered __index from region"
[TRACE  22:30:52] "Triggered __index from region"
[TRACE  22:30:52] "Triggered __index from region"
[TRACE  22:30:52] "Triggered __index from region"
[TRACE  22:30:52] "Triggered __index from region"
[TRACE  22:30:52] "Triggered __index from pattern"
[TRACE  22:30:52] "Triggered __index from dictionary"
[TRACE  22:30:52] "Triggered __index from dictionary"
[TRACE  22:30:52] "Triggered __index from textsection"
[TRACE  22:30:52] "Triggered __index from textsection"
[TRACE  22:30:52] "Triggered __index from textsection"
[TRACE  22:30:52] "Triggered __index from textsection"
[TRACE  22:30:52] "Triggered __index from textsection"
[TRACE  22:30:53] "Triggered __index from textsection"
[TRACE  22:30:53] "Triggered __index from textsection"
[TRACE  22:30:53] "Triggered __index from textsection"
[TRACE  22:30:53] "Triggered __index from textsection"
[TRACE  22:30:53] "Triggered __index from textsection"
[TRACE  22:30:53] "Triggered __index from textsection"
[TRACE  22:30:53] "Triggered __index from gamemode"
[TRACE  22:30:53] "Triggered __index from gamemode"
[TRACE  22:30:53] "Triggered __index from dictionary"
[TRACE  22:30:53] "Triggered __index from dictionary"
[TRACE  22:30:53] "Triggered __index from task"
[TRACE  22:30:53] "Triggered __index from textsection"
[TRACE  22:30:53] "Triggered __index from textsection"
[TRACE  22:30:54] "Triggered __index from textsection"
[TRACE  22:30:54] "Triggered __index from textsection"
[TRACE  22:30:54] "Triggered __index from textsection"
[TRACE  22:30:54] "Triggered __index from textsection"
[TRACE  22:30:54] "Triggered __index from textsection"
[TRACE  22:30:54] "Triggered __index from textsection"
[TRACE  22:30:54] "Triggered __index from textsection"
[TRACE  22:30:54] "Triggered __index from textsection"
[TRACE  22:30:54] "Triggered __index from textsection"
[TRACE  22:30:54] "Triggered __index from task"
[TRACE  22:30:54] "Triggered __index from task"
[TRACE  22:30:54] "Triggered __index from profile"
[TRACE  22:30:54] "Triggered __index from task"
[TRACE  22:30:54] "Triggered __index from task"
[TRACE  22:30:54] "Triggered __index from pattern"
[TRACE  22:30:55] "Triggered __index from pattern"
[TRACE  22:30:55] "Triggered __index from pattern"
[TRACE  22:30:55] "Triggered __index from pattern"
[TRACE  22:30:55] "Triggered __index from pattern"
[TRACE  22:30:55] "Triggered __index from pattern"
[TRACE  22:30:55] "Triggered __index from pattern"
[TRACE  22:30:55] "Triggered __newindex from pattern"
[TRACE  22:30:55] "Triggered __index from pattern"
[TRACE  22:30:55] "Triggered __index from pattern"
[TRACE  22:30:55] "Triggered __index from pattern"
[TRACE  22:30:55] "Triggered __index from pattern"
[TRACE  22:30:55] "Triggered __index from pattern"
[TRACE  22:30:55] "Triggered __index from dictionary"
[TRACE  22:30:55] "Triggered __index from region"
[TRACE  22:30:55] "Triggered __index from pattern"
[TRACE  22:30:55] "Triggered __index from region"
[TRACE  22:30:55] "Triggered __index from region"
[TRACE  22:30:56] "Triggered __index from region"
[TRACE  22:30:56] "Triggered __index from region"
[TRACE  22:30:56] "Triggered __newindex from region"
[TRACE  22:30:56] "Triggered __index from region"
[TRACE  22:30:56] "Triggered __index from region"
[TRACE  22:30:56] "Triggered __newindex from region"
[TRACE  22:30:56] "Triggered __index from region"
[TRACE  22:30:56] "Triggered __index from region"
[TRACE  22:30:56] "Triggered __newindex from region"
[TRACE  22:30:56] "Triggered __index from region"
[TRACE  22:30:56] "Triggered __index from region"
[TRACE  22:30:56] "Triggered __newindex from region"
[TRACE  22:30:56] "Triggered __index from region"
[TRACE  22:30:56] "Triggered __index from region"
[TRACE  22:30:56] "Triggered __index from region"
[TRACE  22:30:56] "Triggered __index from region"
[TRACE  22:30:57] "Triggered __index from region"
[TRACE  22:30:57] "Triggered __index from region"
[TRACE  22:30:57] "Triggered __index from region"
[TRACE  22:30:57] "Triggered __index from region"
[TRACE  22:30:57] "Triggered __index from region"
[TRACE  22:30:57] "Triggered __index from region"
[TRACE  22:30:57] "Triggered __index from region"
[TRACE  22:30:57] "Triggered __index from region"
[TRACE  22:30:57] "Triggered __index from region"
[TRACE  22:30:57] "Triggered __index from region"
[TRACE  22:30:57] "Triggered __index from region"
[TRACE  22:30:57] "Triggered __index from region"
[TRACE  22:30:57] "Triggered __index from region"
[TRACE  22:30:57] "Triggered __index from region"
[TRACE  22:30:57] "Triggered __index from region"
[TRACE  22:30:57] "Triggered __index from region"
[TRACE  22:30:58] "Triggered __index from region"
[TRACE  22:30:58] "Triggered __index from region"
[TRACE  22:30:58] "Triggered __index from region"
[TRACE  22:30:58] "Triggered __index from region"
[TRACE  22:30:58] "Triggered __index from region"
[TRACE  22:30:58] "Triggered __newindex from region"
[TRACE  22:30:58] "Triggered __index from region"
[TRACE  22:30:58] "Triggered __index from region"
[TRACE  22:30:58] "Triggered __index from region"
[TRACE  22:30:58] "Triggered __index from region"
[TRACE  22:30:58] "Triggered __index from region"
